  Camera.cpp
  Mesh.cpp
  practica3.cpp
D:\8vo\Lab. CGIH_g1\CGIH1\P03-318092867\P03-318092867\Window.h(12,36): warning C4244: 'return': conversión de 'GLint' a 'GLfloat'; posible pérdida de datos
D:\8vo\Lab. CGIH_g1\CGIH1\P03-318092867\P03-318092867\Window.h(13,37): warning C4244: 'return': conversión de 'GLint' a 'GLfloat'; posible pérdida de datos
D:\8vo\Lab. CGIH_g1\CGIH1\P03-318092867\P03-318092867\practica3.cpp(27,36): warning C4305: 'inicializando': truncamiento de 'double' a 'float'
D:\8vo\Lab. CGIH_g1\CGIH1\P03-318092867\P03-318092867\practica3.cpp(194,16): warning C4018: '<': no coinciden signed/unsigned
D:\8vo\Lab. CGIH_g1\CGIH1\P03-318092867\P03-318092867\practica3.cpp(236,32): warning C4244: 'argumento': conversión de 'double' a '_Ty'; posible pérdida de datos
          with
          [
              _Ty=GLfloat
          ]
D:\8vo\Lab. CGIH_g1\CGIH1\P03-318092867\P03-318092867\practica3.cpp(238,32): warning C4244: 'argumento': conversión de 'double' a '_Ty'; posible pérdida de datos
          with
          [
              _Ty=GLfloat
          ]
D:\8vo\Lab. CGIH_g1\CGIH1\P03-318092867\P03-318092867\practica3.cpp(334,15): warning C4244: 'inicializando': conversión de 'double' a 'GLfloat'; posible pérdida de datos
D:\8vo\Lab. CGIH_g1\CGIH1\P03-318092867\P03-318092867\practica3.cpp(336,33): warning C4244: '+=': conversión de 'double' a 'GLfloat'; posible pérdida de datos
  Shader.cpp
  Sphere.cpp
D:\8vo\Lab. CGIH_g1\CGIH1\P03-318092867\P03-318092867\Sphere.cpp(39,13): warning C4244: 'inicializando': conversión de 'double' a 'float'; posible pérdida de datos
D:\8vo\Lab. CGIH_g1\CGIH1\P03-318092867\P03-318092867\Sphere.cpp(43,16): warning C4244: 'inicializando': conversión de 'double' a 'float'; posible pérdida de datos
  Window.cpp
D:\8vo\Lab. CGIH_g1\CGIH1\P03-318092867\P03-318092867\Window.h(12,36): warning C4244: 'return': conversión de 'GLint' a 'GLfloat'; posible pérdida de datos
D:\8vo\Lab. CGIH_g1\CGIH1\P03-318092867\P03-318092867\Window.h(13,37): warning C4244: 'return': conversión de 'GLint' a 'GLfloat'; posible pérdida de datos
D:\8vo\Lab. CGIH_g1\CGIH1\P03-318092867\P03-318092867\Window.cpp(149,22): warning C4244: '=': conversión de 'double' a 'GLfloat'; posible pérdida de datos
D:\8vo\Lab. CGIH_g1\CGIH1\P03-318092867\P03-318092867\Window.cpp(150,22): warning C4244: '=': conversión de 'double' a 'GLfloat'; posible pérdida de datos
D:\8vo\Lab. CGIH_g1\CGIH1\P03-318092867\P03-318092867\Window.cpp(154,28): warning C4244: '=': conversión de 'double' a 'GLfloat'; posible pérdida de datos
D:\8vo\Lab. CGIH_g1\CGIH1\P03-318092867\P03-318092867\Window.cpp(155,40): warning C4244: '=': conversión de 'double' a 'GLfloat'; posible pérdida de datos
D:\8vo\Lab. CGIH_g1\CGIH1\P03-318092867\P03-318092867\Window.cpp(157,21): warning C4244: '=': conversión de 'double' a 'GLfloat'; posible pérdida de datos
D:\8vo\Lab. CGIH_g1\CGIH1\P03-318092867\P03-318092867\Window.cpp(158,21): warning C4244: '=': conversión de 'double' a 'GLfloat'; posible pérdida de datos
  Generando código
  Previous IPDB not found, fall back to full compilation.
D:\8vo\Lab. CGIH_g1\CGIH1\P03-318092867\P03-318092867\Window.cpp(77): warning C4715: 'Window::Initialise': no todas las rutas de acceso de control devuelven un valor
  All 604 functions were compiled because no usable IPDB/IOBJ from previous compilation was found.
  Generación de código finalizada
  P03-318092867.vcxproj -> D:\8vo\Lab. CGIH_g1\CGIH1\P03-318092867\Release\P03-318092867.exe
